This is pdfTeX, Version 3.1415926-1.40.9 (MiKTeX 2.7) (preloaded format=pdflatex 2010.4.3)  15 NOV 2013 19:41
entering extended mode
**MA4413*Sample*Q5*Variant*1.tex
("MA4413 Sample Q5 Variant 1.tex"
LaTeX2e <2005/12/01>
Babel <v3.8l> and hyphenation patterns for english, dumylang, nohyphenation, ge
rman, ngerman, german-x-2008-06-18, ngerman-x-2008-06-18, french, loaded.
("C:\Program Files\MiKTeX 2.7\tex\latex\base\article.cls"
Document Class: article 2005/09/16 v1.4f Standard LaTeX document class
("C:\Program Files\MiKTeX 2.7\tex\latex\base\size10.clo"
File: size10.clo 2005/09/16 v1.4f Standard LaTeX file (size option)
)
\c@part=\count79
\c@section=\count80
\c@subsection=\count81
\c@subsubsection=\count82
\c@paragraph=\count83
\c@subparagraph=\count84
\c@figure=\count85
\c@table=\count86
\abovecaptionskip=\skip41
\belowcaptionskip=\skip42
\bibindent=\dimen102
)
("C:\Program Files\MiKTeX 2.7\tex\latex\ltxmisc\framed.sty"
Package: framed 2007/10/04 v 0.95: framed or shaded text with page breaks
\fb@frw=\dimen103
\fb@frh=\dimen104
\FrameRule=\dimen105
\FrameSep=\dimen106
)
("C:\Program Files\MiKTeX 2.7\tex\latex\amsmath\amsmath.sty"
Package: amsmath 2000/07/18 v2.13 AMS math features
\@mathmargin=\skip43

For additional information on amsmath, use the `?' option.
("C:\Program Files\MiKTeX 2.7\tex\latex\amsmath\amstext.sty"
Package: amstext 2000/06/29 v2.01

("C:\Program Files\MiKTeX 2.7\tex\latex\amsmath\amsgen.sty"
File: amsgen.sty 1999/11/30 v2.0
\@emptytoks=\toks14
\ex@=\dimen107
))
("C:\Program Files\MiKTeX 2.7\tex\latex\amsmath\amsbsy.sty"
Package: amsbsy 1999/11/29 v1.2d
\pmbraise@=\dimen108
)
("C:\Program Files\MiKTeX 2.7\tex\latex\amsmath\amsopn.sty"
Package: amsopn 1999/12/14 v2.01 operator names
)
\inf@bad=\count87
LaTeX Info: Redefining \frac on input line 211.
\uproot@=\count88
\leftroot@=\count89
LaTeX Info: Redefining \overline on input line 307.
\classnum@=\count90
\DOTSCASE@=\count91
LaTeX Info: Redefining \ldots on input line 379.
LaTeX Info: Redefining \dots on input line 382.
LaTeX Info: Redefining \cdots on input line 467.
\Mathstrutbox@=\box26
\strutbox@=\box27
\big@size=\dimen109
LaTeX Font Info:    Redeclaring font encoding OML on input line 567.
LaTeX Font Info:    Redeclaring font encoding OMS on input line 568.
\macc@depth=\count92
\c@MaxMatrixCols=\count93
\dotsspace@=\muskip10
\c@parentequation=\count94
\dspbrk@lvl=\count95
\tag@help=\toks15
\row@=\count96
\column@=\count97
\maxfields@=\count98
\andhelp@=\toks16
\eqnshift@=\dimen110
\alignsep@=\dimen111
\tagshift@=\dimen112
\tagwidth@=\dimen113
\totwidth@=\dimen114
\lineht@=\dimen115
\@envbody=\toks17
\multlinegap=\skip44
\multlinetaggap=\skip45
\mathdisplay@stack=\toks18
LaTeX Info: Redefining \[ on input line 2666.
LaTeX Info: Redefining \] on input line 2667.
)
("C:\Program Files\MiKTeX 2.7\tex\latex\amsfonts\amssymb.sty"
Package: amssymb 2002/01/22 v2.2d

("C:\Program Files\MiKTeX 2.7\tex\latex\amsfonts\amsfonts.sty"
Package: amsfonts 2001/10/25 v2.2f
\symAMSa=\mathgroup4
\symAMSb=\mathgroup5
LaTeX Font Info:    Overwriting math alphabet `\mathfrak' in version `bold'
(Font)                  U/euf/m/n --> U/euf/b/n on input line 132.
))
("C:\Program Files\MiKTeX 2.7\tex\latex\tools\multicol.sty"
Package: multicol 2006/05/18 v1.6g multicolumn formatting (FMi)
\c@tracingmulticols=\count99
\mult@box=\box28
\multicol@leftmargin=\dimen116
\c@unbalance=\count100
\c@collectmore=\count101
\doublecol@number=\count102
\multicoltolerance=\count103
\multicolpretolerance=\count104
\full@width=\dimen117
\page@free=\dimen118
\premulticols=\dimen119
\postmulticols=\dimen120
\multicolsep=\skip46
\multicolbaselineskip=\skip47
\partial@page=\box29
\last@line=\box30
\mult@rightbox=\box31
\mult@grightbox=\box32
\mult@gfirstbox=\box33
\mult@firstbox=\box34
\@tempa=\box35
\@tempa=\box36
\@tempa=\box37
\@tempa=\box38
\@tempa=\box39
\@tempa=\box40
\@tempa=\box41
\@tempa=\box42
\@tempa=\box43
\@tempa=\box44
\@tempa=\box45
\@tempa=\box46
\@tempa=\box47
\@tempa=\box48
\@tempa=\box49
\@tempa=\box50
\@tempa=\box51
\c@columnbadness=\count105
\c@finalcolumnbadness=\count106
\last@try=\dimen121
\multicolovershoot=\dimen122
\multicolundershoot=\dimen123
\mult@nat@firstbox=\box52
\colbreak@box=\box53
)
("MA4413 Sample Q5 Variant 1.aux")
LaTeX Font Info:    Checking defaults for OML/cmm/m/it on input line 8.
LaTeX Font Info:    ... okay on input line 8.
LaTeX Font Info:    Checking defaults for T1/cmr/m/n on input line 8.
LaTeX Font Info:    ... okay on input line 8.
LaTeX Font Info:    Checking defaults for OT1/cmr/m/n on input line 8.
LaTeX Font Info:    ... okay on input line 8.
LaTeX Font Info:    Checking defaults for OMS/cmsy/m/n on input line 8.
LaTeX Font Info:    ... okay on input line 8.
LaTeX Font Info:    Checking defaults for OMX/cmex/m/n on input line 8.
LaTeX Font Info:    ... okay on input line 8.
LaTeX Font Info:    Checking defaults for U/cmr/m/n on input line 8.
LaTeX Font Info:    ... okay on input line 8.
LaTeX Font Info:    Try loading font information for U+msa on input line 15.

("C:\Program Files\MiKTeX 2.7\tex\latex\amsfonts\umsa.fd"
File: umsa.fd 2002/01/19 v2.2g AMS font definitions
)
LaTeX Font Info:    Try loading font information for U+msb on input line 15.

("C:\Program Files\MiKTeX 2.7\tex\latex\amsfonts\umsb.fd"
File: umsb.fd 2002/01/19 v2.2g AMS font definitions
)
Underfull \hbox (badness 10000) in paragraph at lines 23--29

 []


Underfull \hbox (badness 10000) in paragraph at lines 35--41

 []

[1

{C:/Documents and Settings/All Users/Application Data/MiKTeX/2.7/pdftex/config/
pdftex.map}] ("MA4413 Sample Q5 Variant 1.aux") ) 
Here is how much of TeX's memory you used:
 1216 strings out of 95304
 13289 string characters out of 1183033
 66132 words of memory out of 1500000
 4457 multiletter control sequences out of 110000
 6611 words of font info for 26 fonts, out of 3000000 for 5000
 14 hyphenation exceptions out of 8191
 27i,6n,24p,294b,212s stack positions out of 5000i,500n,10000p,200000b,50000s
<C:/Program Files/MiKTeX 2.7/f
onts/type1/bluesky/cm/cmbx12.pfb><C:/Program Files/MiKTeX 2.7/fonts/type1/blues
ky/cm/cmbxti10.pfb><C:/Program Files/MiKTeX 2.7/fonts/type1/bluesky/cm/cmmi10.p
fb><C:/Program Files/MiKTeX 2.7/fonts/type1/bluesky/cm/cmr10.pfb><C:/Program Fi
les/MiKTeX 2.7/fonts/type1/bluesky/cm/cmr7.pfb><C:/Program Files/MiKTeX 2.7/fon
ts/type1/bluesky/cm/cmsy10.pfb>
Output written on "MA4413 Sample Q5 Variant 1.pdf" (1 page, 41438 bytes).
PDF statistics:
 30 PDF objects out of 1000 (max. 8388607)
 0 named destinations out of 1000 (max. 131072)
 1 words of extra memory for PDF output out of 10000 (max. 10000000)

