This is pdfTeX, Version 3.1415926-1.40.10 (MiKTeX 2.8) (preloaded format=pdflatex 2010.3.16)  1 NOV 2013 22:42
entering extended mode
**MA4413*Mid*Term*2*Sample*Paper.tex

("C:\Documents and Settings\kevin.obrien\Desktop\MA4413 Mid Term 2 Sample Paper
.tex"
LaTeX2e <2005/12/01>
Babel <v3.8l> and hyphenation patterns for english, dumylang, nohyphenation, ge
rman, ngerman, german-x-2009-06-19, ngerman-x-2009-06-19, french, loaded.
("C:\Program Files\Miktek\tex\latex\base\article.cls"
Document Class: article 2005/09/16 v1.4f Standard LaTeX document class
("C:\Program Files\Miktek\tex\latex\base\size10.clo"
File: size10.clo 2005/09/16 v1.4f Standard LaTeX file (size option)
)
\c@part=\count79
\c@section=\count80
\c@subsection=\count81
\c@subsubsection=\count82
\c@paragraph=\count83
\c@subparagraph=\count84
\c@figure=\count85
\c@table=\count86
\abovecaptionskip=\skip41
\belowcaptionskip=\skip42
\bibindent=\dimen102
)
("C:\Documents and Settings\kevin.obrien\Desktop\MA4413 Mid Term 2 Sample Paper
.aux")
LaTeX Font Info:    Checking defaults for OML/cmm/m/it on input line 7.
LaTeX Font Info:    ... okay on input line 7.
LaTeX Font Info:    Checking defaults for T1/cmr/m/n on input line 7.
LaTeX Font Info:    ... okay on input line 7.
LaTeX Font Info:    Checking defaults for OT1/cmr/m/n on input line 7.
LaTeX Font Info:    ... okay on input line 7.
LaTeX Font Info:    Checking defaults for OMS/cmsy/m/n on input line 7.
LaTeX Font Info:    ... okay on input line 7.
LaTeX Font Info:    Checking defaults for OMX/cmex/m/n on input line 7.
LaTeX Font Info:    ... okay on input line 7.
LaTeX Font Info:    Checking defaults for U/cmr/m/n on input line 7.
LaTeX Font Info:    ... okay on input line 7.
LaTeX Font Info:    External font `cmex10' loaded for size
(Font)              <7> on input line 18.
LaTeX Font Info:    External font `cmex10' loaded for size
(Font)              <5> on input line 18.
 [1

{C:/Documents and Settings/kevin.obrien/Local Settings/Application Data/MiKTeX/
2.8/pdftex/config/pdftex.map}] [2]
("C:\Documents and Settings\kevin.obrien\Desktop\MA4413 Mid Term 2 Sample Paper
.aux") ) 
Here is how much of TeX's memory you used:
 213 strings out of 495285
 2761 string characters out of 3180663
 48027 words of memory out of 3000000
 3495 multiletter control sequences out of 15000+200000
 5158 words of font info for 19 fonts, out of 3000000 for 9000
 14 hyphenation exceptions out of 8191
 23i,4n,17p,183b,112s stack positions out of 5000i,500n,10000p,200000b,50000s
<C:/Program Files/Miktek/fonts/type1/public/amsfonts/cm/cmbx10.pfb><C:/
Program Files/Miktek/fonts/type1/public/amsfonts/cm/cmbx12.pfb><C:/Program File
s/Miktek/fonts/type1/public/amsfonts/cm/cmmi10.pfb><C:/Program Files/Miktek/fon
ts/type1/public/amsfonts/cm/cmr10.pfb><C:/Program Files/Miktek/fonts/type1/publ
ic/amsfonts/cm/cmsy10.pfb>
Output written on "MA4413 Mid Term 2 Sample Paper.pdf" (2 pages, 65009 bytes).
PDF statistics:
 29 PDF objects out of 1000 (max. 8388607)
 0 named destinations out of 1000 (max. 500000)
 1 words of extra memory for PDF output out of 10000 (max. 10000000)

